<?xml version="1.0" encoding="UTF-8"?>
<!-- Generated by org.testng.reporters.JUnitReportReporter -->
<testsuite name="progressive_test.ProgressiveInsurance_maven.ProgressiveInsurance_run" tests="1" time="106.411" ignored="0" failures="0" timestamp="02 Mar 2018 01:17:38 GMT" skipped="0" hostname="DESKTOP-L373U05" errors="0">
  <testcase name="homepage" time="106.411" classname="progressive_test.ProgressiveInsurance_maven.ProgressiveInsurance_run"/>
</testsuite> <!-- progressive_test.ProgressiveInsurance_maven.ProgressiveInsurance_run -->
